TN:
SF:src/modules/appointments/services/CreateAppointmentService.ts
FN:22,(anonymous_17)
FN:23,CreateAppointmentService
FN:28,(anonymous_19)
FNF:3
FNH:3
FNDA:1,(anonymous_17)
FNDA:1,CreateAppointmentService
FNDA:1,(anonymous_19)
DA:1,1
DA:22,1
DA:25,1
DA:28,1
DA:29,1
DA:30,1
DA:31,1
DA:32,1
DA:33,1
DA:34,1
DA:35,1
DA:36,1
DA:37,1
DA:38,1
DA:39,1
DA:41,1
DA:55,1
DA:57,1
DA:59,1
LF:19
LH:19
BRF:0
BRH:0
end_of_record
TN:
SF:src/modules/appointments/services/ListAppointmentsService.ts
FN:8,(anonymous_17)
FN:9,ListAppointmentsService
FN:14,(anonymous_19)
FNF:3
FNH:3
FNDA:1,(anonymous_17)
FNDA:1,ListAppointmentsService
FNDA:1,(anonymous_19)
DA:1,1
DA:8,1
DA:11,1
DA:14,1
DA:15,1
DA:17,1
DA:19,1
DA:21,1
LF:8
LH:8
BRDA:15,0,0,1
BRDA:17,1,0,1
BRDA:17,1,1,0
BRF:3
BRH:2
end_of_record
TN:
SF:src/modules/clients/services/CreateClientAddressService.ts
FN:16,(anonymous_17)
FN:17,CreateClientAddressService
FN:22,(anonymous_19)
FNF:3
FNH:3
FNDA:3,(anonymous_17)
FNDA:4,CreateClientAddressService
FNDA:3,(anonymous_19)
DA:1,3
DA:16,3
DA:19,4
DA:22,3
DA:23,3
DA:24,3
DA:25,3
DA:26,3
DA:27,3
DA:28,3
DA:30,3
DA:39,3
DA:41,3
DA:43,3
LF:14
LH:14
BRDA:30,0,0,3
BRF:1
BRH:1
end_of_record
TN:
SF:src/modules/clients/services/CreateClientContactService.ts
FN:16,(anonymous_17)
FN:17,CreateClientContactService
FN:22,(anonymous_19)
FNF:3
FNH:3
FNDA:3,(anonymous_17)
FNDA:5,CreateClientContactService
FNDA:3,(anonymous_19)
DA:1,3
DA:16,3
DA:19,5
DA:22,3
DA:23,3
DA:24,3
DA:25,3
DA:26,3
DA:27,3
DA:28,3
DA:30,3
DA:39,3
DA:41,3
DA:43,3
LF:14
LH:14
BRDA:30,0,0,3
BRF:1
BRH:1
end_of_record
TN:
SF:src/modules/clients/services/CreateClientService.ts
FN:17,(anonymous_18)
FN:18,CreateClientService
FN:23,(anonymous_20)
FNF:3
FNH:3
FNDA:8,(anonymous_18)
FNDA:13,CreateClientService
FNDA:11,(anonymous_20)
DA:1,8
DA:2,8
DA:17,8
DA:20,13
DA:23,8
DA:24,11
DA:25,11
DA:26,11
DA:27,11
DA:28,11
DA:30,11
DA:32,11
DA:33,1
DA:36,10
DA:44,10
DA:46,8
DA:48,8
LF:17
LH:17
BRDA:30,0,0,11
BRDA:32,1,0,1
BRDA:32,1,1,10
BRF:3
BRH:3
end_of_record
TN:
SF:src/modules/clients/services/DeleteClientAddressService.ts
FN:11,(anonymous_18)
FN:12,DeleteClientAddressService
FN:17,(anonymous_20)
FNF:3
FNH:3
FNDA:1,(anonymous_18)
FNDA:1,DeleteClientAddressService
FNDA:1,(anonymous_20)
DA:1,1
DA:3,1
DA:11,1
DA:14,1
DA:17,1
DA:18,1
DA:20,1
DA:21,0
DA:24,2
DA:26,1
DA:28,1
LF:11
LH:10
BRDA:18,0,0,1
BRDA:20,1,0,0
BRDA:20,1,1,1
BRF:3
BRH:2
end_of_record
TN:
SF:src/modules/clients/services/DeleteClientContactService.ts
FN:11,(anonymous_18)
FN:12,DeleteClientContactService
FN:17,(anonymous_20)
FNF:3
FNH:3
FNDA:1,(anonymous_18)
FNDA:2,DeleteClientContactService
FNDA:2,(anonymous_20)
DA:1,1
DA:3,1
DA:11,1
DA:14,2
DA:17,2
DA:18,2
DA:20,2
DA:21,1
DA:24,2
DA:26,1
DA:28,1
LF:11
LH:11
BRDA:18,0,0,2
BRDA:20,1,0,1
BRDA:20,1,1,1
BRF:3
BRH:3
end_of_record
TN:
SF:src/modules/clients/services/DeleteClientService.ts
FN:11,(anonymous_18)
FN:12,DeleteClientService
FN:17,(anonymous_20)
FNF:3
FNH:3
FNDA:1,(anonymous_18)
FNDA:2,DeleteClientService
FNDA:2,(anonymous_20)
DA:1,1
DA:3,1
DA:11,1
DA:14,2
DA:17,2
DA:18,2
DA:20,2
DA:21,1
DA:24,2
DA:26,1
DA:28,1
LF:11
LH:11
BRDA:18,0,0,2
BRDA:20,1,0,1
BRDA:20,1,1,1
BRF:3
BRH:3
end_of_record
TN:
SF:src/modules/clients/services/ListClientsService.ts
FN:8,(anonymous_17)
FN:9,ListClientsService
FN:14,(anonymous_19)
FNF:3
FNH:3
FNDA:1,(anonymous_17)
FNDA:1,ListClientsService
FNDA:1,(anonymous_19)
DA:1,1
DA:8,1
DA:11,1
DA:14,1
DA:15,1
DA:17,1
DA:19,1
DA:21,1
LF:8
LH:8
BRDA:15,0,0,1
BRDA:17,1,0,1
BRDA:17,1,1,0
BRF:3
BRH:2
end_of_record
TN:
SF:src/modules/clients/services/UpdateClientAddressService.ts
FN:18,(anonymous_18)
FN:19,UpdateClientAddresseService
FN:24,(anonymous_20)
FNF:3
FNH:3
FNDA:1,(anonymous_18)
FNDA:2,UpdateClientAddresseService
FNDA:2,(anonymous_20)
DA:1,1
DA:3,1
DA:18,1
DA:21,2
DA:24,1
DA:25,2
DA:26,2
DA:27,2
DA:28,2
DA:29,2
DA:30,2
DA:32,2
DA:34,2
DA:35,1
DA:38,1
DA:39,1
DA:40,1
DA:41,1
DA:42,1
DA:44,1
DA:46,1
DA:48,1
LF:22
LH:22
BRDA:32,0,0,2
BRDA:34,1,0,1
BRDA:34,1,1,1
BRF:3
BRH:3
end_of_record
TN:
SF:src/modules/clients/services/UpdateClientContactService.ts
FN:18,(anonymous_18)
FN:19,UpdateClientContactService
FN:24,(anonymous_20)
FNF:3
FNH:3
FNDA:1,(anonymous_18)
FNDA:2,UpdateClientContactService
FNDA:2,(anonymous_20)
DA:1,1
DA:3,1
DA:18,1
DA:21,2
DA:24,1
DA:25,2
DA:26,2
DA:27,2
DA:28,2
DA:29,2
DA:30,2
DA:32,2
DA:34,2
DA:35,1
DA:38,1
DA:39,1
DA:40,1
DA:41,1
DA:42,1
DA:44,1
DA:46,1
DA:48,1
LF:22
LH:22
BRDA:32,0,0,2
BRDA:34,1,0,1
BRDA:34,1,1,1
BRF:3
BRH:3
end_of_record
TN:
SF:src/modules/clients/services/UpdateClientService.ts
FN:18,(anonymous_18)
FN:19,UpdateClientService
FN:24,(anonymous_20)
FNF:3
FNH:3
FNDA:1,(anonymous_18)
FNDA:2,UpdateClientService
FNDA:2,(anonymous_20)
DA:1,1
DA:3,1
DA:18,1
DA:21,2
DA:24,1
DA:25,2
DA:26,2
DA:27,2
DA:28,2
DA:29,2
DA:30,2
DA:32,2
DA:34,2
DA:35,1
DA:38,1
DA:39,1
DA:40,1
DA:41,1
DA:42,1
DA:44,1
DA:46,1
DA:48,1
LF:22
LH:22
BRDA:32,0,0,2
BRDA:34,1,0,1
BRDA:34,1,1,1
BRF:3
BRH:3
end_of_record
TN:
SF:src/modules/projects/services/CreateProjectService.ts
FN:24,(anonymous_18)
FN:25,CreateProjectService
FN:30,(anonymous_20)
FNF:3
FNH:3
FNDA:1,(anonymous_18)
FNDA:2,CreateProjectService
FNDA:3,(anonymous_20)
DA:1,1
DA:2,1
DA:24,1
DA:27,2
DA:30,1
DA:31,3
DA:32,3
DA:33,3
DA:34,3
DA:35,3
DA:36,3
DA:37,3
DA:38,3
DA:39,3
DA:40,3
DA:41,3
DA:42,3
DA:44,3
DA:46,3
DA:47,1
DA:50,2
DA:65,2
DA:67,1
DA:69,1
LF:24
LH:24
BRDA:44,0,0,3
BRDA:46,1,0,1
BRDA:46,1,1,2
BRF:3
BRH:3
end_of_record
TN:
SF:src/modules/users/services/AuthenticateUserService.ts
FN:22,(anonymous_18)
FN:23,AuthenticateUserService
FN:31,(anonymous_20)
FNF:3
FNH:3
FNDA:1,(anonymous_18)
FNDA:3,AuthenticateUserService
FNDA:3,(anonymous_20)
DA:1,1
DA:2,1
DA:4,1
DA:5,1
DA:22,1
DA:25,3
DA:28,3
DA:31,3
DA:32,3
DA:34,3
DA:35,1
DA:38,2
DA:43,2
DA:44,1
DA:47,1
DA:49,1
DA:54,1
DA:59,1
DA:61,1
LF:19
LH:19
BRDA:32,0,0,3
BRDA:34,1,0,1
BRDA:34,1,1,2
BRDA:43,2,0,1
BRDA:43,2,1,1
BRF:5
BRH:5
end_of_record
TN:
SF:src/modules/users/services/CreateUserService.ts
FN:21,(anonymous_18)
FN:22,CreateUserService
FN:30,(anonymous_20)
FNF:3
FNH:3
FNDA:2,(anonymous_18)
FNDA:5,CreateUserService
FNDA:5,(anonymous_20)
DA:1,2
DA:3,2
DA:21,2
DA:24,5
DA:27,5
DA:30,2
DA:31,5
DA:32,5
DA:33,5
DA:34,5
DA:35,5
DA:36,5
DA:37,5
DA:38,5
DA:40,5
DA:42,5
DA:43,1
DA:46,4
DA:48,4
DA:59,4
DA:61,2
DA:63,2
LF:22
LH:22
BRDA:40,0,0,5
BRDA:42,1,0,1
BRDA:42,1,1,4
BRF:3
BRH:3
end_of_record
TN:
SF:src/modules/users/services/ResetPasswordService.ts
FN:15,(anonymous_18)
FN:16,ResetPasswordService
FN:27,(anonymous_20)
FNF:3
FNH:3
FNDA:1,(anonymous_18)
FNDA:4,ResetPasswordService
FNDA:4,(anonymous_20)
DA:1,1
DA:2,1
DA:4,1
DA:15,1
DA:18,4
DA:21,4
DA:24,4
DA:27,4
DA:28,4
DA:30,4
DA:31,1
DA:34,3
DA:36,3
DA:37,1
DA:40,2
DA:41,2
DA:43,2
DA:44,1
DA:46,1
DA:48,2
DA:50,1
DA:52,1
LF:22
LH:22
BRDA:28,0,0,4
BRDA:30,1,0,1
BRDA:30,1,1,3
BRDA:36,2,0,1
BRDA:36,2,1,2
BRDA:43,3,0,1
BRDA:43,3,1,1
BRF:7
BRH:7
end_of_record
TN:
SF:src/modules/users/services/SendForgotPasswordEmailService.ts
FN:14,(anonymous_18)
FN:15,SendForgotPasswordEmailService
FN:26,(anonymous_20)
FNF:3
FNH:3
FNDA:1,(anonymous_18)
FNDA:3,SendForgotPasswordEmailService
FNDA:3,(anonymous_20)
DA:1,1
DA:2,1
DA:4,1
DA:14,1
DA:17,3
DA:20,3
DA:23,3
DA:26,3
DA:27,3
DA:29,3
DA:30,1
DA:33,2
DA:35,2
DA:42,4
DA:57,1
DA:59,1
LF:16
LH:16
BRDA:27,0,0,3
BRDA:29,1,0,1
BRDA:29,1,1,2
BRF:3
BRH:3
end_of_record
TN:
SF:src/modules/users/services/ShowProfileService.ts
FN:13,(anonymous_18)
FN:14,ShowProfileService
FN:19,(anonymous_20)
FNF:3
FNH:3
FNDA:1,(anonymous_18)
FNDA:2,ShowProfileService
FNDA:2,(anonymous_20)
DA:1,1
DA:3,1
DA:13,1
DA:16,2
DA:19,2
DA:20,2
DA:22,2
DA:23,1
DA:26,1
DA:28,1
DA:30,1
DA:32,1
LF:12
LH:12
BRDA:20,0,0,2
BRDA:22,1,0,1
BRDA:22,1,1,1
BRF:3
BRH:3
end_of_record
TN:
SF:src/modules/users/services/UpdateProfileService.ts
FN:23,(anonymous_18)
FN:24,UpdateProfileService
FN:32,(anonymous_20)
FNF:3
FNH:3
FNDA:1,(anonymous_18)
FNDA:6,UpdateProfileService
FNDA:6,(anonymous_20)
DA:1,1
DA:3,1
DA:23,1
DA:26,6
DA:29,6
DA:32,1
DA:33,6
DA:34,6
DA:35,6
DA:36,6
DA:37,6
DA:38,6
DA:40,6
DA:42,6
DA:43,1
DA:46,5
DA:50,5
DA:51,1
DA:54,4
DA:55,4
DA:56,4
DA:58,4
DA:59,1
DA:62,4
DA:63,2
DA:68,2
DA:69,1
DA:72,1
DA:75,2
DA:77,1
DA:79,1
LF:31
LH:31
BRDA:40,0,0,6
BRDA:40,0,1,2
BRDA:42,1,0,1
BRDA:42,1,1,5
BRDA:50,2,0,1
BRDA:50,2,1,4
BRDA:50,3,0,5
BRDA:50,3,1,3
BRDA:58,4,0,1
BRDA:58,4,1,3
BRDA:58,5,0,4
BRDA:58,5,1,3
BRDA:62,6,0,1
BRDA:62,6,1,2
BRDA:62,7,0,3
BRDA:62,7,1,2
BRDA:68,8,0,1
BRDA:68,8,1,1
BRF:18
BRH:18
end_of_record
